Using pre-set license
Built from '2021.3/staging' branch; Version is '2021.3.18f1 (3129e69bc0c7) revision 3221990'; Using compiler version '192829333'; Build Type 'Release'
OS: 'Windows 10  (10.0.19042) 64bit Professional' Language: 'zh' Physical Memory: 16313 MB
BatchMode: 1, IsHumanControllingUs: 0, StartBugReporterOnCrash: 0, Is64bit: 1, IsPro: 1

COMMAND LINE ARGUMENTS:
D:\tool\unity\Unity 2021.3.18f1\Editor\Unity.exe
-adb2
-batchMode
-noUpm
-name
AssetImportWorker1
-projectPath
D:/Project/Oneday
-logFile
Logs/AssetImportWorker1.log
-srvPort
3061
Successfully changed project path to: D:/Project/Oneday
D:/Project/Oneday
[UnityMemory] Configuration Parameters - Can be set up in boot.config
    "memorysetup-bucket-allocator-granularity=16"
    "memorysetup-bucket-allocator-bucket-count=8"
    "memorysetup-bucket-allocator-block-size=33554432"
    "memorysetup-bucket-allocator-block-count=8"
    "memorysetup-main-allocator-block-size=16777216"
    "memorysetup-thread-allocator-block-size=16777216"
    "memorysetup-gfx-main-allocator-block-size=16777216"
    "memorysetup-gfx-thread-allocator-block-size=16777216"
    "memorysetup-cache-allocator-block-size=4194304"
    "memorysetup-typetree-allocator-block-size=2097152"
    "memorysetup-profiler-bucket-allocator-granularity=16"
    "memorysetup-profiler-bucket-allocator-bucket-count=8"
    "memorysetup-profiler-bucket-allocator-block-size=33554432"
    "memorysetup-profiler-bucket-allocator-block-count=8"
    "memorysetup-profiler-allocator-block-size=16777216"
    "memorysetup-profiler-editor-allocator-block-size=1048576"
    "memorysetup-temp-allocator-size-main=16777216"
    "memorysetup-job-temp-allocator-block-size=2097152"
    "memorysetup-job-temp-allocator-block-size-background=1048576"
    "memorysetup-job-temp-allocator-reduction-small-platforms=262144"
    "memorysetup-temp-allocator-size-background-worker=32768"
    "memorysetup-temp-allocator-size-job-worker=262144"
    "memorysetup-temp-allocator-size-preload-manager=33554432"
    "memorysetup-temp-allocator-size-nav-mesh-worker=65536"
    "memorysetup-temp-allocator-size-audio-worker=65536"
    "memorysetup-temp-allocator-size-cloud-worker=32768"
    "memorysetup-temp-allocator-size-gi-baking-worker=262144"
    "memorysetup-temp-allocator-size-gfx=262144"
Player connection [21776] Host "[IP] 10.8.9.224 [Port] 0 [Flags] 2 [Guid] 513716243 [EditorId] 513716243 [Version] 1048832 [Id] WindowsEditor(7,DESKTOP-H8ADULM) [Debug] 1 [PackageName] WindowsEditor [ProjectName] Editor" joined multi-casting on [225.0.0.222:54997]...

Player connection [21776] Host "[IP] 10.8.9.224 [Port] 0 [Flags] 2 [Guid] 513716243 [EditorId] 513716243 [Version] 1048832 [Id] WindowsEditor(7,DESKTOP-H8ADULM) [Debug] 1 [PackageName] WindowsEditor [ProjectName] Editor" joined alternative multi-casting on [225.0.0.222:34997]...

Refreshing native plugins compatible for Editor in 67.81 ms, found 3 plugins.
Preloading 0 native plugins for Editor in 0.00 ms.
Initialize engine version: 2021.3.18f1 (3129e69bc0c7)
[Subsystems] Discovering subsystems at path D:/tool/unity/Unity 2021.3.18f1/Editor/Data/Resources/UnitySubsystems
[Subsystems] Discovering subsystems at path D:/Project/Oneday/Assets
GfxDevice: creating device client; threaded=0; jobified=0
Direct3D:
    Version:  Direct3D 11.0 [level 11.1]
    Renderer: NVIDIA GeForce RTX 3060 (ID=0x2504)
    Vendor:   NVIDIA
    VRAM:     12115 MB
    Driver:   31.0.15.5212
Initialize mono
Mono path[0] = 'D:/tool/unity/Unity 2021.3.18f1/Editor/Data/Managed'
Mono path[1] = 'D:/tool/unity/Unity 2021.3.18f1/Editor/Data/MonoBleedingEdge/lib/mono/unityjit-win32'
Mono config path = 'D:/tool/unity/Unity 2021.3.18f1/Editor/Data/MonoBleedingEdge/etc'
Using monoOptions --debugger-agent=transport=dt_socket,embedding=1,server=y,suspend=n,address=127.0.0.1:56324
Begin MonoManager ReloadAssembly
Registering precompiled unity dll's ...
Register platform support module: D:/tool/unity/Unity 2021.3.18f1/Editor/Data/PlaybackEngines/WebGLSupport/UnityEditor.WebGL.Extensions.dll
Register platform support module: D:/tool/unity/Unity 2021.3.18f1/Editor/Data/PlaybackEngines/WindowsStandaloneSupport/UnityEditor.WindowsStandalone.Extensions.dll
Registered in 0.003463 seconds.
Native extension for WindowsStandalone target not found
Native extension for WebGL target not found
Refreshing native plugins compatible for Editor in 65.87 ms, found 3 plugins.
Preloading 0 native plugins for Editor in 0.00 ms.
Mono: successfully reloaded assembly
- Completed reload, in  0.665 seconds
Domain Reload Profiling:
	ReloadAssembly (665ms)
		BeginReloadAssembly (103ms)
			ExecutionOrderSort (0ms)
			DisableScriptedObjects (0ms)
			BackupInstance (0ms)
			ReleaseScriptingObjects (0ms)
			CreateAndSetChildDomain (1ms)
		EndReloadAssembly (457ms)
			LoadAssemblies (103ms)
			RebuildTransferFunctionScriptingTraits (0ms)
			SetupTypeCache (110ms)
			ReleaseScriptCaches (0ms)
			RebuildScriptCaches (33ms)
			SetupLoadedEditorAssemblies (260ms)
				LogAssemblyErrors (0ms)
				InitializePlatformSupportModulesInManaged (9ms)
				SetLoadedEditorAssemblies (0ms)
				RefreshPlugins (66ms)
				BeforeProcessingInitializeOnLoad (2ms)
				ProcessInitializeOnLoadAttributes (136ms)
				ProcessInitializeOnLoadMethodAttributes (46ms)
				AfterProcessingInitializeOnLoad (0ms)
				EditorAssembliesLoaded (0ms)
			ExecutionOrderSort2 (0ms)
			AwakeInstancesAfterBackupRestoration (0ms)
Platform modules already initialized, skipping
Registering precompiled user dll's ...
Registered in 0.006136 seconds.
Begin MonoManager ReloadAssembly
Symbol file LoadedFromMemory doesn't match image D:\Project\Oneday\Library\PackageCache\com.unity.visualscripting@1.8.0\Editor\VisualScripting.Core\Dependencies\YamlDotNet\Unity.VisualScripting.YamlDotNet.dll
Symbol file LoadedFromMemory doesn't match image D:\Project\Oneday\Library\PackageCache\com.unity.visualscripting@1.8.0\Editor\VisualScripting.Core\Dependencies\DotNetZip\Unity.VisualScripting.IonicZip.dll
Native extension for WindowsStandalone target not found
Native extension for WebGL target not found
Refreshing native plugins compatible for Editor in 0.67 ms, found 3 plugins.
Preloading 0 native plugins for Editor in 0.00 ms.
Mono: successfully reloaded assembly
- Completed reload, in  1.063 seconds
Domain Reload Profiling:
	ReloadAssembly (1064ms)
		BeginReloadAssembly (146ms)
			ExecutionOrderSort (0ms)
			DisableScriptedObjects (6ms)
			BackupInstance (0ms)
			ReleaseScriptingObjects (0ms)
			CreateAndSetChildDomain (21ms)
		EndReloadAssembly (786ms)
			LoadAssemblies (120ms)
			RebuildTransferFunctionScriptingTraits (0ms)
			SetupTypeCache (248ms)
			ReleaseScriptCaches (1ms)
			RebuildScriptCaches (66ms)
			SetupLoadedEditorAssemblies (343ms)
				LogAssemblyErrors (0ms)
				InitializePlatformSupportModulesInManaged (6ms)
				SetLoadedEditorAssemblies (0ms)
				RefreshPlugins (1ms)
				BeforeProcessingInitializeOnLoad (70ms)
				ProcessInitializeOnLoadAttributes (240ms)
				ProcessInitializeOnLoadMethodAttributes (23ms)
				AfterProcessingInitializeOnLoad (3ms)
				EditorAssembliesLoaded (0ms)
			ExecutionOrderSort2 (0ms)
			AwakeInstancesAfterBackupRestoration (9ms)
Platform modules already initialized, skipping
========================================================================
Worker process is ready to serve import requests
Launched and connected shader compiler UnityShaderCompiler.exe after 0.09 seconds
Refreshing native plugins compatible for Editor in 0.76 ms, found 3 plugins.
Preloading 0 native plugins for Editor in 0.00 ms.
Unloading 2963 Unused Serialized files (Serialized files now loaded: 0)
Unloading 22 unused Assets / (56.5 KB). Loaded Objects now: 3423.
Memory consumption went from 104.0 MB to 103.9 MB.
Total: 3.504500 ms (FindLiveObjects: 0.353400 ms CreateObjectMapping: 0.088800 ms MarkObjects: 2.908000 ms  DeleteObjects: 0.152500 ms)

AssetImportParameters requested are different than current active one (requested -> active):
  custom:video-decoder-ogg-theora: a1e56fd34408186e4bbccfd4996cb3dc -> 
  custom:container-muxer-webm: aa71ff27fc2769a1b78a27578f13a17b -> 
  custom:container-demuxer-webm: 4f35f7cbe854078d1ac9338744f61a02 -> 
  custom:video-encoder-webm-vp8: eb34c28f22e8b96e1ab97ce403110664 -> 
  custom:audio-encoder-webm-vorbis: bf7c407c2cedff20999df2af8eb42d56 -> 
  custom:framework-win-MediaFoundation: 216162199b28c13a410421893ffa2e32 -> 
  custom:container-demuxer-ogg: 62fdf1f143b41e24485cea50d1cbac27 -> 
  custom:video-decoder-webm-vp8: 9c59270c3fd7afecdb556c50c9e8de78 -> 
  custom:audio-decoder-ogg-vorbis: bf7c407c2cedff20999df2af8eb42d56 -> 
========================================================================
Received Import Request.
  Time since last request: 90521.736123 seconds.
  path: Assets/Projects/shu_5.prefab
  artifactKey: Guid(2c1ebf409c4f76b41930aa73b768cf1e) Importer(815301076,1909f56bfc062723c751e8b465ee728b)
Start importing Assets/Projects/shu_5.prefab using Guid(2c1ebf409c4f76b41930aa73b768cf1e) Importer(815301076,1909f56bfc062723c751e8b465ee728b)  -> (artifact id: '00e940603f578aa11ff55346f94b0699') in 0.179479 seconds 
========================================================================
Received Import Request.
  Time since last request: 0.000034 seconds.
  path: Assets/Projects/shu_1.prefab
  artifactKey: Guid(dc3cd37168eae43448ca404b94f24538) Importer(815301076,1909f56bfc062723c751e8b465ee728b)
Start importing Assets/Projects/shu_1.prefab using Guid(dc3cd37168eae43448ca404b94f24538) Importer(815301076,1909f56bfc062723c751e8b465ee728b)  -> (artifact id: '41cdaf7528461af47ceb15ed55bf4a02') in 0.017798 seconds 
========================================================================
Received Import Request.
  Time since last request: 0.000025 seconds.
  path: Assets/Projects/qian_jing_teng 1.prefab
  artifactKey: Guid(1de902c6a968f0748a0c58f46d07a6f6) Importer(815301076,1909f56bfc062723c751e8b465ee728b)
Start importing Assets/Projects/qian_jing_teng 1.prefab using Guid(1de902c6a968f0748a0c58f46d07a6f6) Importer(815301076,1909f56bfc062723c751e8b465ee728b)  -> (artifact id: '8062f5bf5fee94f66f74f657fccae213') in 0.040660 seconds 
========================================================================
Received Import Request.
  Time since last request: 0.000030 seconds.
  path: Assets/Projects/qian_jing_sy 4.prefab
  artifactKey: Guid(fb36620ecb7a5ab418885acc74c78dd4) Importer(815301076,1909f56bfc062723c751e8b465ee728b)
Start importing Assets/Projects/qian_jing_sy 4.prefab using Guid(fb36620ecb7a5ab418885acc74c78dd4) Importer(815301076,1909f56bfc062723c751e8b465ee728b)  -> (artifact id: 'be7b247ca11732f95df28ecbc253bcfa') in 0.013870 seconds 
========================================================================
Received Import Request.
  Time since last request: 0.000025 seconds.
  path: Assets/Projects/qj_sy_2.prefab
  artifactKey: Guid(815f9bf367c315f42961d4bac70326f0) Importer(815301076,1909f56bfc062723c751e8b465ee728b)
Start importing Assets/Projects/qj_sy_2.prefab using Guid(815f9bf367c315f42961d4bac70326f0) Importer(815301076,1909f56bfc062723c751e8b465ee728b)  -> (artifact id: '526fa79317ce2d1a8a9c5b71f591bd8a') in 0.019509 seconds 
========================================================================
Received Import Request.
  Time since last request: 0.000071 seconds.
  path: Assets/Projects/qian_jing_teng 2.prefab
  artifactKey: Guid(528e5e2ee13057a43960fe0b45d2b106) Importer(815301076,1909f56bfc062723c751e8b465ee728b)
Start importing Assets/Projects/qian_jing_teng 2.prefab using Guid(528e5e2ee13057a43960fe0b45d2b106) Importer(815301076,1909f56bfc062723c751e8b465ee728b)  -> (artifact id: 'a62da1780a0e4382a8bc9c50f7be0f62') in 0.020995 seconds 
========================================================================
Received Import Request.
  Time since last request: 0.000029 seconds.
  path: Assets/Projects/cloud-05.prefab
  artifactKey: Guid(8f2a31bb67bf21549ae230a14519d658) Importer(815301076,1909f56bfc062723c751e8b465ee728b)
Start importing Assets/Projects/cloud-05.prefab using Guid(8f2a31bb67bf21549ae230a14519d658) Importer(815301076,1909f56bfc062723c751e8b465ee728b)  -> (artifact id: 'efa30d9e83b609649e0e1e7790952848') in 0.028252 seconds 
========================================================================
Received Import Request.
  Time since last request: 0.000030 seconds.
  path: Assets/Projects/bj_sky.prefab
  artifactKey: Guid(84397a0ddd9d37a45832e3ae755389b2) Importer(815301076,1909f56bfc062723c751e8b465ee728b)
Start importing Assets/Projects/bj_sky.prefab using Guid(84397a0ddd9d37a45832e3ae755389b2) Importer(815301076,1909f56bfc062723c751e8b465ee728b)  -> (artifact id: '6d273cf35d480f1f27737f835d0de23d') in 0.014855 seconds 
========================================================================
Received Import Request.
  Time since last request: 0.000020 seconds.
  path: Assets/Projects/airwall_left.prefab
  artifactKey: Guid(f41826e939bda514d89627f367a1c9ae) Importer(815301076,1909f56bfc062723c751e8b465ee728b)
Start importing Assets/Projects/airwall_left.prefab using Guid(f41826e939bda514d89627f367a1c9ae) Importer(815301076,1909f56bfc062723c751e8b465ee728b)  -> (artifact id: '0e8730d491f5623b496dd5c53506eb61') in 0.005295 seconds 
========================================================================
Received Import Request.
  Time since last request: 0.000052 seconds.
  path: Assets/Projects/shu_2.prefab
  artifactKey: Guid(17993069016390944b076602f3bbf3c4) Importer(815301076,1909f56bfc062723c751e8b465ee728b)
Start importing Assets/Projects/shu_2.prefab using Guid(17993069016390944b076602f3bbf3c4) Importer(815301076,1909f56bfc062723c751e8b465ee728b)  -> (artifact id: '8e98925677bf861f1b964036ac953e70') in 0.018060 seconds 
========================================================================
Received Import Request.
  Time since last request: 0.000030 seconds.
  path: Assets/Projects/qian_jing_sy 3.prefab
  artifactKey: Guid(2c769f31d9e4d1e4b934910e59aa3b2c) Importer(815301076,1909f56bfc062723c751e8b465ee728b)
Start importing Assets/Projects/qian_jing_sy 3.prefab using Guid(2c769f31d9e4d1e4b934910e59aa3b2c) Importer(815301076,1909f56bfc062723c751e8b465ee728b)  -> (artifact id: '2e82df9b600ddcd443a43557efb8fd6a') in 0.014599 seconds 
========================================================================
Received Import Request.
  Time since last request: 0.000115 seconds.
  path: Assets/Projects/qian_jing_sy 1.prefab
  artifactKey: Guid(600cda465e289164ca19d677d2a716c4) Importer(815301076,1909f56bfc062723c751e8b465ee728b)
Start importing Assets/Projects/qian_jing_sy 1.prefab using Guid(600cda465e289164ca19d677d2a716c4) Importer(815301076,1909f56bfc062723c751e8b465ee728b)  -> (artifact id: '20a1417db0b99541171e9d8fc98897a1') in 0.011555 seconds 
========================================================================
Received Import Request.
  Time since last request: 0.000037 seconds.
  path: Assets/Projects/airwall_right.prefab
  artifactKey: Guid(9c3090ebe7299dd4a8c91be2b4bd0a68) Importer(815301076,1909f56bfc062723c751e8b465ee728b)
Start importing Assets/Projects/airwall_right.prefab using Guid(9c3090ebe7299dd4a8c91be2b4bd0a68) Importer(815301076,1909f56bfc062723c751e8b465ee728b)  -> (artifact id: 'b8cad83121a7eaff72a6776f5ba922a8') in 0.004853 seconds 
========================================================================
Received Import Request.
  Time since last request: 0.000034 seconds.
  path: Assets/Projects/cloud-01.prefab
  artifactKey: Guid(243405e557949614cb24c8eb03592f6c) Importer(815301076,1909f56bfc062723c751e8b465ee728b)
Start importing Assets/Projects/cloud-01.prefab using Guid(243405e557949614cb24c8eb03592f6c) Importer(815301076,1909f56bfc062723c751e8b465ee728b)  -> (artifact id: 'ca115e531b2e3b6bd1e0054a4b989779') in 0.014901 seconds 
========================================================================
Received Import Request.
  Time since last request: 0.000025 seconds.
  path: Assets/Projects/shu_3.prefab
  artifactKey: Guid(c9a3fa422ebbdf945818fdb7289445c4) Importer(815301076,1909f56bfc062723c751e8b465ee728b)
Start importing Assets/Projects/shu_3.prefab using Guid(c9a3fa422ebbdf945818fdb7289445c4) Importer(815301076,1909f56bfc062723c751e8b465ee728b)  -> (artifact id: 'b23dfc6196c36d50ec6db230e60545c9') in 0.048171 seconds 
========================================================================
Received Import Request.
  Time since last request: 0.000020 seconds.
  path: Assets/Projects/ping_tai_5.prefab
  artifactKey: Guid(9949a8f74fe6dc7438a09a8c6f00dafb) Importer(815301076,1909f56bfc062723c751e8b465ee728b)
Start importing Assets/Projects/ping_tai_5.prefab using Guid(9949a8f74fe6dc7438a09a8c6f00dafb) Importer(815301076,1909f56bfc062723c751e8b465ee728b)  -> (artifact id: '160e5f59f4e236b109b3657555d492ab') in 0.018434 seconds 
========================================================================
Received Import Request.
  Time since last request: 0.000022 seconds.
  path: Assets/Projects/ping_tai_4.prefab
  artifactKey: Guid(2b4217f13c6c9644b993adfb2568a13a) Importer(815301076,1909f56bfc062723c751e8b465ee728b)
Start importing Assets/Projects/ping_tai_4.prefab using Guid(2b4217f13c6c9644b993adfb2568a13a) Importer(815301076,1909f56bfc062723c751e8b465ee728b)  -> (artifact id: '096690c146634b294779e34924424bb0') in 0.022821 seconds 
========================================================================
Received Import Request.
  Time since last request: 0.000021 seconds.
  path: Assets/Projects/cloud-03.prefab
  artifactKey: Guid(cf70ba6de4f87f0479629b4199ab3ca8) Importer(815301076,1909f56bfc062723c751e8b465ee728b)
Start importing Assets/Projects/cloud-03.prefab using Guid(cf70ba6de4f87f0479629b4199ab3ca8) Importer(815301076,1909f56bfc062723c751e8b465ee728b)  -> (artifact id: '77d95953e21da032f190b9701460ecc6') in 0.015710 seconds 
========================================================================
Received Import Request.
  Time since last request: 0.000023 seconds.
  path: Assets/Projects/qj_sy_1.prefab
  artifactKey: Guid(6834fec61490e7b44b01c0570c84c621) Importer(815301076,1909f56bfc062723c751e8b465ee728b)
Start importing Assets/Projects/qj_sy_1.prefab using Guid(6834fec61490e7b44b01c0570c84c621) Importer(815301076,1909f56bfc062723c751e8b465ee728b)  -> (artifact id: 'd569f3def34933d53bbfbf9e7266a011') in 0.013856 seconds 
========================================================================
Received Import Request.
  Time since last request: 0.000031 seconds.
  path: Assets/Projects/ping_tai_2.prefab
  artifactKey: Guid(1b005b37f4a28234f81cb1f7007ac579) Importer(815301076,1909f56bfc062723c751e8b465ee728b)
Start importing Assets/Projects/ping_tai_2.prefab using Guid(1b005b37f4a28234f81cb1f7007ac579) Importer(815301076,1909f56bfc062723c751e8b465ee728b)  -> (artifact id: '2075ad8a58fb7ac2f3c3b4b0c71507ab') in 0.017808 seconds 
========================================================================
Received Import Request.
  Time since last request: 0.000026 seconds.
  path: Assets/Projects/ping_tai_1.prefab
  artifactKey: Guid(32a03b48bd346594e9e354f75016be9e) Importer(815301076,1909f56bfc062723c751e8b465ee728b)
Start importing Assets/Projects/ping_tai_1.prefab using Guid(32a03b48bd346594e9e354f75016be9e) Importer(815301076,1909f56bfc062723c751e8b465ee728b)  -> (artifact id: '9dcc01361f47c891003fcafa56022f64') in 0.016334 seconds 
========================================================================
Received Import Request.
  Time since last request: 0.000084 seconds.
  path: Assets/Projects/zhu_jue.prefab
  artifactKey: Guid(e404b9287b002aa458c40c4d0fd218c7) Importer(815301076,1909f56bfc062723c751e8b465ee728b)
Start importing Assets/Projects/zhu_jue.prefab using Guid(e404b9287b002aa458c40c4d0fd218c7) Importer(815301076,1909f56bfc062723c751e8b465ee728b)  -> (artifact id: '21cd0b4a809ae993b7031f1bda113363') in 0.029018 seconds 
========================================================================
Received Import Request.
  Time since last request: 0.000028 seconds.
  path: Assets/Projects/cloud-02.prefab
  artifactKey: Guid(cef1baddcc8482e4089e2d864d15b585) Importer(815301076,1909f56bfc062723c751e8b465ee728b)
Start importing Assets/Projects/cloud-02.prefab using Guid(cef1baddcc8482e4089e2d864d15b585) Importer(815301076,1909f56bfc062723c751e8b465ee728b)  -> (artifact id: '4a60ca0eaab1fa4ec976c432934790b1') in 0.016185 seconds 
========================================================================
Received Import Request.
  Time since last request: 0.000039 seconds.
  path: Assets/Projects/zhuang_shi.prefab
  artifactKey: Guid(7161c8eeae0eb2245ac3a4b0776db561) Importer(815301076,1909f56bfc062723c751e8b465ee728b)
Start importing Assets/Projects/zhuang_shi.prefab using Guid(7161c8eeae0eb2245ac3a4b0776db561) Importer(815301076,1909f56bfc062723c751e8b465ee728b)  -> (artifact id: '662bb655121ea8ed25b071006b3807ff') in 0.043630 seconds 
========================================================================
Received Import Request.
  Time since last request: 0.000032 seconds.
  path: Assets/Projects/shu_4.prefab
  artifactKey: Guid(667d69c505804494fa9c2cb70e26e364) Importer(815301076,1909f56bfc062723c751e8b465ee728b)
Start importing Assets/Projects/shu_4.prefab using Guid(667d69c505804494fa9c2cb70e26e364) Importer(815301076,1909f56bfc062723c751e8b465ee728b)  -> (artifact id: '26696a7b4bafaad45271b647751a0dd8') in 0.032735 seconds 
========================================================================
Received Prepare
Registering precompiled user dll's ...
Registered in 0.004653 seconds.
Begin MonoManager ReloadAssembly
Symbol file LoadedFromMemory doesn't match image D:\Project\Oneday\Library\PackageCache\com.unity.visualscripting@1.8.0\Editor\VisualScripting.Core\Dependencies\YamlDotNet\Unity.VisualScripting.YamlDotNet.dll
Symbol file LoadedFromMemory doesn't match image D:\Project\Oneday\Library\PackageCache\com.unity.visualscripting@1.8.0\Editor\VisualScripting.Core\Dependencies\DotNetZip\Unity.VisualScripting.IonicZip.dll
Native extension for WindowsStandalone target not found
Native extension for WebGL target not found
Refreshing native plugins compatible for Editor in 0.98 ms, found 3 plugins.
Preloading 0 native plugins for Editor in 0.00 ms.
Mono: successfully reloaded assembly
- Completed reload, in  1.031 seconds
Domain Reload Profiling:
	ReloadAssembly (1032ms)
		BeginReloadAssembly (197ms)
			ExecutionOrderSort (0ms)
			DisableScriptedObjects (6ms)
			BackupInstance (0ms)
			ReleaseScriptingObjects (0ms)
			CreateAndSetChildDomain (61ms)
		EndReloadAssembly (740ms)
			LoadAssemblies (124ms)
			RebuildTransferFunctionScriptingTraits (0ms)
			SetupTypeCache (223ms)
			ReleaseScriptCaches (1ms)
			RebuildScriptCaches (48ms)
			SetupLoadedEditorAssemblies (336ms)
				LogAssemblyErrors (0ms)
				InitializePlatformSupportModulesInManaged (14ms)
				SetLoadedEditorAssemblies (1ms)
				RefreshPlugins (1ms)
				BeforeProcessingInitializeOnLoad (67ms)
				ProcessInitializeOnLoadAttributes (228ms)
				ProcessInitializeOnLoadMethodAttributes (21ms)
				AfterProcessingInitializeOnLoad (4ms)
				EditorAssembliesLoaded (0ms)
			ExecutionOrderSort2 (0ms)
			AwakeInstancesAfterBackupRestoration (14ms)
Platform modules already initialized, skipping
Refreshing native plugins compatible for Editor in 2.12 ms, found 3 plugins.
Preloading 0 native plugins for Editor in 0.00 ms.
Unloading 2957 Unused Serialized files (Serialized files now loaded: 0)
Unloading 15 unused Assets / (24.5 KB). Loaded Objects now: 3434.
Memory consumption went from 108.1 MB to 108.1 MB.
Total: 3.391800 ms (FindLiveObjects: 0.533000 ms CreateObjectMapping: 0.214500 ms MarkObjects: 2.607400 ms  DeleteObjects: 0.035700 ms)

AssetImportParameters requested are different than current active one (requested -> active):
  custom:video-decoder-ogg-theora: a1e56fd34408186e4bbccfd4996cb3dc -> 
  custom:container-muxer-webm: aa71ff27fc2769a1b78a27578f13a17b -> 
  custom:container-demuxer-webm: 4f35f7cbe854078d1ac9338744f61a02 -> 
  custom:video-encoder-webm-vp8: eb34c28f22e8b96e1ab97ce403110664 -> 
  custom:audio-encoder-webm-vorbis: bf7c407c2cedff20999df2af8eb42d56 -> 
  custom:framework-win-MediaFoundation: 216162199b28c13a410421893ffa2e32 -> 
  custom:container-demuxer-ogg: 62fdf1f143b41e24485cea50d1cbac27 -> 
  custom:video-decoder-webm-vp8: 9c59270c3fd7afecdb556c50c9e8de78 -> 
  custom:audio-decoder-ogg-vorbis: bf7c407c2cedff20999df2af8eb42d56 -> 
Editor requested this worker to shutdown with reason: Scaling down because of idle timeout
AssetImportWorker is now disconnected from the server
Process exiting
Exiting without the bug reporter. Application will terminate with return code 0